2025-04-23 20:50:04 - Début du traitement de update.php
2025-04-23 20:50:04 - Données reçues - "{\"barcode\":\"123456789012\",\"description\":\"Tournevis avec manche ergonomique et embout Phillips\",\"id\":2,\"label\":\"Tournevis Phillips\",\"name\":\"Tournevis Phillips Premium\",\"photo_url\":\"C:\/Users\/LARIDAK\/Desktop\/picTest.png\",\"quantity\":25,\"reference\":\"PROD-00233\",\"user_id\":1}"
2025-04-23 20:50:04 - Données incomplètes pour mettre à jour le produit. Champs manquants: userId - {"barcode":"123456789012","description":"Tournevis avec manche ergonomique et embout Phillips","id":2,"label":"Tournevis Phillips","name":"Tournevis Phillips Premium","photo_url":"C:\/Users\/LARIDAK\/Desktop\/picTest.png","quantity":25,"reference":"PROD-00233","user_id":1}
2025-04-23 20:50:12 - Début du traitement de update.php
2025-04-23 20:50:12 - Données reçues - "{\"barcode\":\"123456789012\",\"description\":\"Tournevis avec manche ergonomique et embout Phillips\",\"id\":2,\"label\":\"Tournevis Phillips\",\"name\":\"Tournevis Phillips Premium\",\"photo_url\":\"C:\/Users\/LARIDAK\/Desktop\/picTest.png\",\"quantity\":25,\"reference\":\"PROD-00233\",\"user_id\":1}"
2025-04-23 20:50:12 - Données incomplètes pour mettre à jour le produit. Champs manquants: userId - {"barcode":"123456789012","description":"Tournevis avec manche ergonomique et embout Phillips","id":2,"label":"Tournevis Phillips","name":"Tournevis Phillips Premium","photo_url":"C:\/Users\/LARIDAK\/Desktop\/picTest.png","quantity":25,"reference":"PROD-00233","user_id":1}
2025-04-23 20:58:37 - Début du traitement de update.php
2025-04-23 20:58:37 - Données reçues - "{\"barcode\":\"987654321098\",\"description\":\"Description mise \u00e0 jour via Postman\",\"id\":1,\"label\":\"Produit mis \u00e0 jour via Application\",\"name\":\"Produit test via Postman\",\"photo_url\":\"uploads\/products\/sample.jpg\",\"quantity\":50,\"reference\":\"PROD-UPD1\",\"user_id\":1}"
2025-04-23 20:58:37 - Données incomplètes pour mettre à jour le produit. Champs manquants: userId - {"barcode":"987654321098","description":"Description mise \u00e0 jour via Postman","id":1,"label":"Produit mis \u00e0 jour via Application","name":"Produit test via Postman","photo_url":"uploads\/products\/sample.jpg","quantity":50,"reference":"PROD-UPD1","user_id":1}
2025-04-23 21:09:05 - Début du traitement de update.php
2025-04-23 21:09:05 - Données reçues - "{\"barcode\":\"987654321098\",\"description\":\"Description mise \u00e0 jour via Postman\",\"id\":1,\"label\":\"application\",\"name\":\"Produit test via Postman\",\"photo_url\":\"uploads\/products\/sample.jpg\",\"quantity\":50,\"reference\":\"PROD-UPD1\",\"user_id\":1}"
2025-04-23 21:09:05 - Données incomplètes pour mettre à jour le produit. Champs manquants: userId - {"barcode":"987654321098","description":"Description mise \u00e0 jour via Postman","id":1,"label":"application","name":"Produit test via Postman","photo_url":"uploads\/products\/sample.jpg","quantity":50,"reference":"PROD-UPD1","user_id":1}
2025-04-23 21:09:56 - Début du traitement de update.php
2025-04-23 21:09:56 - Données reçues - "{\"barcode\":\"3456734532445\",\"description\":\"Desc prodiot magic a m3alem\",\"id\":8,\"label\":\"Produit magic\",\"name\":\"Top produit magic\",\"photo_url\":\"C:\/Desktop\/picTestjpeg.jpg\",\"quantity\":100,\"reference\":\"RefProduitMagic001\",\"user_id\":1}"
2025-04-23 21:09:56 - Données incomplètes pour mettre à jour le produit. Champs manquants: userId - {"barcode":"3456734532445","description":"Desc prodiot magic a m3alem","id":8,"label":"Produit magic","name":"Top produit magic","photo_url":"C:\/Desktop\/picTestjpeg.jpg","quantity":100,"reference":"RefProduitMagic001","user_id":1}
2025-04-23 21:10:37 - Début du traitement de update.php
2025-04-23 21:10:37 - Données reçues - "{\"barcode\":\"3456734532445\",\"description\":\"Desc prodiot magic a m3alem\",\"id\":8,\"label\":\"Produit magic\",\"name\":\"Top produit magic\",\"photo_url\":\"C:\/Desktop\/picTestjpeg.jpg\",\"quantity\":100,\"reference\":\"RefProduitMagic001\",\"user_id\":1}"
2025-04-23 21:10:37 - Données incomplètes pour mettre à jour le produit. Champs manquants: userId - {"barcode":"3456734532445","description":"Desc prodiot magic a m3alem","id":8,"label":"Produit magic","name":"Top produit magic","photo_url":"C:\/Desktop\/picTestjpeg.jpg","quantity":100,"reference":"RefProduitMagic001","user_id":1}
2025-04-23 21:11:08 - Début du traitement de update.php
2025-04-23 21:11:08 - Données reçues - "{\"barcode\":\"3456734532445\",\"description\":\"Desc prodiot magic a m3alem\",\"id\":8,\"label\":\"Produit magic\",\"name\":\"Top produit magic\",\"photo_url\":\"C:\/Desktop\/picTestjpeg.jpg\",\"quantity\":100,\"reference\":\"RefProduitMagic001\",\"user_id\":1}"
2025-04-23 21:11:08 - Données incomplètes pour mettre à jour le produit. Champs manquants: userId - {"barcode":"3456734532445","description":"Desc prodiot magic a m3alem","id":8,"label":"Produit magic","name":"Top produit magic","photo_url":"C:\/Desktop\/picTestjpeg.jpg","quantity":100,"reference":"RefProduitMagic001","user_id":1}
2025-04-23 21:13:20 - Début du traitement de update.php
2025-04-23 21:13:20 - Données reçues - "{\"barcode\":\"3456734532445\",\"description\":\"Top des produit magic\",\"id\":8,\"label\":\"Produit magic\",\"name\":\"Top produit magic\",\"photo_url\":\"C:\/Desktop\/picTestjpeg.jpg\",\"quantity\":0,\"reference\":\"RefProduitMagic001\",\"user_id\":1}"
2025-04-23 21:13:20 - Données incomplètes pour mettre à jour le produit. Champs manquants: userId - {"barcode":"3456734532445","description":"Top des produit magic","id":8,"label":"Produit magic","name":"Top produit magic","photo_url":"C:\/Desktop\/picTestjpeg.jpg","quantity":0,"reference":"RefProduitMagic001","user_id":1}
2025-04-23 21:13:37 - Début du traitement de update.php
2025-04-23 21:13:37 - Données reçues - "{\"barcode\":\"3456734532445\",\"description\":\"Top des produit magic\",\"id\":8,\"label\":\"Produit magic\",\"name\":\"Top produit magic\",\"photo_url\":\"C:\/Desktop\/picTestjpeg.jpg\",\"quantity\":0,\"reference\":\"RefProduitMagic001\",\"user_id\":1}"
2025-04-23 21:13:37 - Données incomplètes pour mettre à jour le produit. Champs manquants: userId - {"barcode":"3456734532445","description":"Top des produit magic","id":8,"label":"Produit magic","name":"Top produit magic","photo_url":"C:\/Desktop\/picTestjpeg.jpg","quantity":0,"reference":"RefProduitMagic001","user_id":1}
2025-04-23 21:14:07 - Début du traitement de update.php
2025-04-23 21:14:07 - Données reçues - "{\r\n    \"id\": 1,\r\n    \"reference\": \"PROD-UPD01&&\",\r\n    \"label\": \"Produit mis \u00e0 jour via Postman\",\r\n    \"name\": \"Produit test via Postman\",\r\n    \"description\": \"Description mise \u00e0 jour via Postman\",\r\n    \"photo_url\": \"uploads\/products\/sample.jpg\",\r\n    \"barcode\": \"987654321098\",\r\n    \"quantity\": 50,\r\n    \"userId\": 1\r\n}"
2025-04-23 21:14:07 - Toutes les données requises sont présentes
2025-04-23 21:14:07 - Connexion à la base de données établie
2025-04-23 21:14:07 - Produit trouvé et droits vérifiés
2025-04-23 21:14:07 - Référence unique vérifiée
2025-04-23 21:14:07 - Requête préparée, exécution...
2025-04-23 21:14:07 - Mise à jour réussie, récupération du produit mis à jour
2025-04-23 21:14:07 - Envoi de la réponse de succès - {"id":1,"reference":"PROD-UPD01&amp;&amp;","label":"Produit mis \u00e0 jour via Postman","name":"Produit test via Postman","description":"Description mise \u00e0 jour via Postman","photo_url":"uploads\/products\/sample.jpg","barcode":"987654321098","quantity":50,"user_id":1,"created_at":"2025-04-21 23:15:17","updated_at":"2025-04-23 23:14:07"}
2025-04-23 21:14:33 - Début du traitement de update.php
2025-04-23 21:14:33 - Données reçues - "{\"barcode\":\"987654321098\",\"description\":\"Description mise \u00e0 jour via Postman\",\"id\":1,\"label\":\"Produit mis \u00e0 jour via Postman\",\"name\":\"Produit test via Postman\",\"photo_url\":\"uploads\/products\/sample.jpg\",\"quantity\":50,\"reference\":\"PROD-UPD01\",\"user_id\":1}"
2025-04-23 21:14:33 - Données incomplètes pour mettre à jour le produit. Champs manquants: userId - {"barcode":"987654321098","description":"Description mise \u00e0 jour via Postman","id":1,"label":"Produit mis \u00e0 jour via Postman","name":"Produit test via Postman","photo_url":"uploads\/products\/sample.jpg","quantity":50,"reference":"PROD-UPD01","user_id":1}
2025-04-23 21:16:08 - Début du traitement de update.php
2025-04-23 21:16:08 - Données reçues - "{\"barcode\":\"987654321098\",\"description\":\"Description mise \u00e0 jour via Postman\",\"id\":1,\"label\":\"Produit mis \u00e0 jour via Postman\",\"name\":\"Produit test via Postman\",\"photo_url\":\"uploads\/products\/sample.jpg\",\"quantity\":50,\"reference\":\"PROD-UPD01\",\"user_id\":1}"
2025-04-23 21:16:08 - Données incomplètes pour mettre à jour le produit. Champs manquants: userId - {"barcode":"987654321098","description":"Description mise \u00e0 jour via Postman","id":1,"label":"Produit mis \u00e0 jour via Postman","name":"Produit test via Postman","photo_url":"uploads\/products\/sample.jpg","quantity":50,"reference":"PROD-UPD01","user_id":1}
